Spark Command: /usr/local/java/jdk1.8.0_112/bin/java -cp /usr/local/spark/spark-2.2.0-bin-hadoop2.7/conf/:/usr/local/spark/spark-2.2.0-bin-hadoop2.7/jars/*:/usr/local/hadoop/hadoop-2.8.1/etc/hadoop/ -Xmx1g org.apache.spark.deploy.worker.Worker --webui-port 8081 spark://lyc-laptop:7077
========================================
17/11/06 22:30:11 INFO worker.Worker: Started daemon with process name: 6623@lyc-laptop
17/11/06 22:30:12 INFO util.SignalUtils: Registered signal handler for TERM
17/11/06 22:30:12 INFO util.SignalUtils: Registered signal handler for HUP
17/11/06 22:30:12 INFO util.SignalUtils: Registered signal handler for INT
17/11/06 22:30:18 WARN util.NativeCodeLoader: Unable to load native-hadoop library for your platform... using builtin-java classes where applicable
17/11/06 22:30:18 INFO spark.SecurityManager: Changing view acls to: lyc
17/11/06 22:30:18 INFO spark.SecurityManager: Changing modify acls to: lyc
17/11/06 22:30:18 INFO spark.SecurityManager: Changing view acls groups to: 
17/11/06 22:30:18 INFO spark.SecurityManager: Changing modify acls groups to: 
17/11/06 22:30:18 INFO spark.SecurityManager: SecurityManager: authentication disabled; ui acls disabled; users  with view permissions: Set(lyc); groups with view permissions: Set(); users  with modify permissions: Set(lyc); groups with modify permissions: Set()
17/11/06 22:30:25 INFO util.Utils: Successfully started service 'sparkWorker' on port 35462.
17/11/06 22:30:25 INFO worker.Worker: Starting Spark worker 192.168.2.200:35462 with 8 cores, 2.0 GB RAM
17/11/06 22:30:25 INFO worker.Worker: Running Spark version 2.2.0
17/11/06 22:30:25 INFO worker.Worker: Spark home: /usr/local/spark/spark-2.2.0-bin-hadoop2.7
17/11/06 22:30:25 INFO util.log: Logging initialized @35604ms
17/11/06 22:30:25 INFO server.Server: jetty-9.3.z-SNAPSHOT
17/11/06 22:30:25 INFO server.Server: Started @35679ms
17/11/06 22:30:25 INFO server.AbstractConnector: Started ServerConnector@118ad744{HTTP/1.1,[http/1.1]}{0.0.0.0:8081}
17/11/06 22:30:25 INFO util.Utils: Successfully started service 'WorkerUI' on port 8081.
17/11/06 22:30:26 INFO handler.ContextHandler: Started o.s.j.s.ServletContextHandler@37d95af2{/logPage,null,AVAILABLE,@Spark}
17/11/06 22:30:26 INFO handler.ContextHandler: Started o.s.j.s.ServletContextHandler@2524a358{/logPage/json,null,AVAILABLE,@Spark}
17/11/06 22:30:26 INFO handler.ContextHandler: Started o.s.j.s.ServletContextHandler@130a93d9{/,null,AVAILABLE,@Spark}
17/11/06 22:30:26 INFO handler.ContextHandler: Started o.s.j.s.ServletContextHandler@38492ce6{/json,null,AVAILABLE,@Spark}
17/11/06 22:30:26 INFO handler.ContextHandler: Started o.s.j.s.ServletContextHandler@4aef5a8a{/static,null,AVAILABLE,@Spark}
17/11/06 22:30:26 INFO handler.ContextHandler: Started o.s.j.s.ServletContextHandler@378073a1{/log,null,AVAILABLE,@Spark}
17/11/06 22:30:26 INFO ui.WorkerWebUI: Bound WorkerWebUI to 0.0.0.0, and started at http://192.168.2.200:8081
17/11/06 22:30:26 INFO worker.Worker: Connecting to master lyc-laptop:7077...
17/11/06 22:30:26 INFO handler.ContextHandler: Started o.s.j.s.ServletContextHandler@58ab4b65{/metrics/json,null,AVAILABLE,@Spark}
17/11/06 22:30:26 INFO client.TransportClientFactory: Successfully created connection to lyc-laptop/192.168.2.200:7077 after 138 ms (0 ms spent in bootstraps)
17/11/06 22:30:26 INFO worker.Worker: Successfully registered with master spark://lyc-laptop:7077
17/11/07 03:04:07 ERROR worker.Worker: RECEIVED SIGNAL TERM
